30-05-2017 15:54:03,828; [main]; WARN ; org.hibernate.orm.connections.pooling;  - HHH10001002: Using Hibernate built-in connection pool (not for production use!)
30-05-2017 15:54:04,521; [main]; WARN ; org.hibernate.tool.schema.internal.ExceptionHandlerLoggedImpl;  - GenerationTarget encountered exception accepting command : Error executing DDL via JDBC Statement
org.hibernate.tool.schema.spi.CommandAcceptanceException: Error executing DDL via JDBC Statement
	at org.hibernate.tool.schema.internal.exec.GenerationTargetToDatabase.accept(GenerationTargetToDatabase.java:67)
	at org.hibernate.tool.schema.internal.AbstractSchemaMigrator.applySqlString(AbstractSchemaMigrator.java:525)
	at org.hibernate.tool.schema.internal.AbstractSchemaMigrator.applySqlStrings(AbstractSchemaMigrator.java:470)
	at org.hibernate.tool.schema.internal.AbstractSchemaMigrator.createTable(AbstractSchemaMigrator.java:273)
	at org.hibernate.tool.schema.internal.GroupedSchemaMigratorImpl.performTablesMigration(GroupedSchemaMigratorImpl.java:71)
	at org.hibernate.tool.schema.internal.AbstractSchemaMigrator.performMigration(AbstractSchemaMigrator.java:203)
	at org.hibernate.tool.schema.internal.AbstractSchemaMigrator.doMigration(AbstractSchemaMigrator.java:110)
	at org.hibernate.tool.schema.spi.SchemaManagementToolCoordinator.performDatabaseAction(SchemaManagementToolCoordinator.java:183)
	at org.hibernate.tool.schema.spi.SchemaManagementToolCoordinator.process(SchemaManagementToolCoordinator.java:72)
	at org.hibernate.internal.SessionFactoryImpl.<init>(SessionFactoryImpl.java:309)
	at org.hibernate.boot.internal.SessionFactoryBuilderImpl.build(SessionFactoryBuilderImpl.java:452)
	at org.hibernate.cfg.Configuration.buildSessionFactory(Configuration.java:710)
	at org.hibernate.cfg.Configuration.buildSessionFactory(Configuration.java:726)
	at utils.HibernateUtility.<clinit>(HibernateUtility.java:27)
	at utils.DaoFactory.getCurrenteSession(DaoFactory.java:56)
	at utils.DaoFactory.instatiate(DaoFactory.java:48)
	at utils.DaoFactory.<init>(DaoFactory.java:27)
	at database.ServicesFactory.<init>(ServicesFactory.java:30)
	at Teste.ServicesDataBaseTeste.<clinit>(ServicesDataBaseTeste.java:22)
Caused by: org.postgresql.util.PSQLException: ERROR: syntax error at or near "User"
  Posição: 20
	at org.postgresql.core.v3.QueryExecutorImpl.receiveErrorResponse(QueryExecutorImpl.java:2476)
	at org.postgresql.core.v3.QueryExecutorImpl.processResults(QueryExecutorImpl.java:2189)
	at org.postgresql.core.v3.QueryExecutorImpl.execute(QueryExecutorImpl.java:300)
	at org.postgresql.jdbc.PgStatement.executeInternal(PgStatement.java:428)
	at org.postgresql.jdbc.PgStatement.execute(PgStatement.java:354)
	at org.postgresql.jdbc.PgStatement.executeWithFlags(PgStatement.java:301)
	at org.postgresql.jdbc.PgStatement.executeCachedSql(PgStatement.java:287)
	at org.postgresql.jdbc.PgStatement.executeWithFlags(PgStatement.java:264)
	at org.postgresql.jdbc.PgStatement.execute(PgStatement.java:260)
	at org.hibernate.tool.schema.internal.exec.GenerationTargetToDatabase.accept(GenerationTargetToDatabase.java:54)
	... 18 more
30-05-2017 15:54:04,628; [main]; WARN ; org.hibernate.orm.deprecation;  - HHH90000022: Hibernate's legacy org.hibernate.Criteria API is deprecated; use the JPA javax.persistence.criteria.CriteriaQuery instead
30-05-2017 15:55:59,444; [main]; WARN ; org.hibernate.orm.connections.pooling;  - HHH10001002: Using Hibernate built-in connection pool (not for production use!)
30-05-2017 15:56:00,115; [main]; WARN ; org.hibernate.tool.schema.internal.ExceptionHandlerLoggedImpl;  - GenerationTarget encountered exception accepting command : Error executing DDL via JDBC Statement
org.hibernate.tool.schema.spi.CommandAcceptanceException: Error executing DDL via JDBC Statement
	at org.hibernate.tool.schema.internal.exec.GenerationTargetToDatabase.accept(GenerationTargetToDatabase.java:67)
	at org.hibernate.tool.schema.internal.AbstractSchemaMigrator.applySqlString(AbstractSchemaMigrator.java:525)
	at org.hibernate.tool.schema.internal.AbstractSchemaMigrator.applySqlStrings(AbstractSchemaMigrator.java:470)
	at org.hibernate.tool.schema.internal.AbstractSchemaMigrator.createTable(AbstractSchemaMigrator.java:273)
	at org.hibernate.tool.schema.internal.GroupedSchemaMigratorImpl.performTablesMigration(GroupedSchemaMigratorImpl.java:71)
	at org.hibernate.tool.schema.internal.AbstractSchemaMigrator.performMigration(AbstractSchemaMigrator.java:203)
	at org.hibernate.tool.schema.internal.AbstractSchemaMigrator.doMigration(AbstractSchemaMigrator.java:110)
	at org.hibernate.tool.schema.spi.SchemaManagementToolCoordinator.performDatabaseAction(SchemaManagementToolCoordinator.java:183)
	at org.hibernate.tool.schema.spi.SchemaManagementToolCoordinator.process(SchemaManagementToolCoordinator.java:72)
	at org.hibernate.internal.SessionFactoryImpl.<init>(SessionFactoryImpl.java:309)
	at org.hibernate.boot.internal.SessionFactoryBuilderImpl.build(SessionFactoryBuilderImpl.java:452)
	at org.hibernate.cfg.Configuration.buildSessionFactory(Configuration.java:710)
	at org.hibernate.cfg.Configuration.buildSessionFactory(Configuration.java:726)
	at utils.HibernateUtility.<clinit>(HibernateUtility.java:27)
	at utils.DaoFactory.getCurrenteSession(DaoFactory.java:56)
	at utils.DaoFactory.instatiate(DaoFactory.java:48)
	at utils.DaoFactory.<init>(DaoFactory.java:27)
	at database.ServicesFactory.<init>(ServicesFactory.java:30)
	at Teste.ServicesDataBaseTeste.<clinit>(ServicesDataBaseTeste.java:22)
Caused by: org.postgresql.util.PSQLException: ERROR: syntax error at or near "User"
  Posição: 20
	at org.postgresql.core.v3.QueryExecutorImpl.receiveErrorResponse(QueryExecutorImpl.java:2476)
	at org.postgresql.core.v3.QueryExecutorImpl.processResults(QueryExecutorImpl.java:2189)
	at org.postgresql.core.v3.QueryExecutorImpl.execute(QueryExecutorImpl.java:300)
	at org.postgresql.jdbc.PgStatement.executeInternal(PgStatement.java:428)
	at org.postgresql.jdbc.PgStatement.execute(PgStatement.java:354)
	at org.postgresql.jdbc.PgStatement.executeWithFlags(PgStatement.java:301)
	at org.postgresql.jdbc.PgStatement.executeCachedSql(PgStatement.java:287)
	at org.postgresql.jdbc.PgStatement.executeWithFlags(PgStatement.java:264)
	at org.postgresql.jdbc.PgStatement.execute(PgStatement.java:260)
	at org.hibernate.tool.schema.internal.exec.GenerationTargetToDatabase.accept(GenerationTargetToDatabase.java:54)
	... 18 more
30-05-2017 15:56:00,222; [main]; WARN ; org.hibernate.orm.deprecation;  - HHH90000022: Hibernate's legacy org.hibernate.Criteria API is deprecated; use the JPA javax.persistence.criteria.CriteriaQuery instead
